<?xml version="1.0" encoding="UTF-8"?>
<!-- Generated by org.testng.reporters.JUnitReportReporter -->
<testsuite skipped="0" hostname="DESKTOP-GGT2DRF" name="dogAPI.DogAPITest" tests="3" failures="0" timestamp="2021-06-22T17:56:45 CAT" time="4.002" errors="0">
  <testcase name="VerifySuccessfulMsg" time="0.383" classname="dogAPI.DogAPITest"/>
  <system-out/>
  <testcase name="VerifyBulldog" time="0.415" classname="dogAPI.DogAPITest"/>
  <system-out/>
  <testcase name="RetrieveAllSubBreeds" time="3.204" classname="dogAPI.DogAPITest"/>
  <system-out/>
</testsuite> <!-- dogAPI.DogAPITest -->
